myHadoop: Setting MH_IPOIB_TRANSFORM='s/\([^.]*\).*$/\1.ibnet/' from myhadoop.conf
myHadoop: Setting MH_SCRATCH_DIR=/scratch/$USER/$SLURM_JOBID from myhadoop.conf
myHadoop: Using HADOOP_HOME=/opt/hadoop/1.2.1
myHadoop: Using MH_SCRATCH_DIR=/scratch/kirtib/12617904
myHadoop: Using JAVA_HOME=/usr/java/latest
myHadoop: Generating Hadoop configuration in directory in /home/kirtib/cometcluster...
myHadoop: Backing up old config dir to /home/kirtib/cometcluster.0...
`/home/kirtib/cometcluster' -> `/home/kirtib/cometcluster.0'
myHadoop: Designating comet-16-08.ibnet as master node (namenode, secondary namenode, and jobtracker)
myHadoop: The following nodes will be slaves (datanode, tasktracer):
comet-16-08.ibnet
comet-16-14.ibnet
17/11/14 14:18:13 INFO namenode.NameNode: STARTUP_MSG: 
/************************************************************
STARTUP_MSG: Starting NameNode
STARTUP_MSG:   host = comet-16-08.sdsc.edu/198.202.119.12
STARTUP_MSG:   args = [-format, -nonInteractive, -force]
STARTUP_MSG:   version = 1.2.1
STARTUP_MSG:   build = https://svn.apache.org/repos/asf/hadoop/common/branches/branch-1.2 -r 1503152; compiled by 'mattf' on Mon Jul 22 15:23:09 PDT 2013
STARTUP_MSG:   java = 1.8.0_60
************************************************************/
17/11/14 14:18:14 INFO util.GSet: Computing capacity for map BlocksMap
17/11/14 14:18:14 INFO util.GSet: VM type       = 64-bit
17/11/14 14:18:14 INFO util.GSet: 2.0% max memory = 1005060096
17/11/14 14:18:14 INFO util.GSet: capacity      = 2^21 = 2097152 entries
17/11/14 14:18:14 INFO util.GSet: recommended=2097152, actual=2097152
17/11/14 14:18:14 INFO namenode.FSNamesystem: fsOwner=kirtib
17/11/14 14:18:14 INFO namenode.FSNamesystem: supergroup=supergroup
17/11/14 14:18:14 INFO namenode.FSNamesystem: isPermissionEnabled=true
17/11/14 14:18:14 INFO namenode.FSNamesystem: dfs.block.invalidate.limit=100
17/11/14 14:18:14 INFO namenode.FSNamesystem: isAccessTokenEnabled=false accessKeyUpdateInterval=0 min(s), accessTokenLifetime=0 min(s)
17/11/14 14:18:14 INFO namenode.FSEditLog: dfs.namenode.edits.toleration.length = 0
17/11/14 14:18:14 INFO namenode.NameNode: Caching file names occuring more than 10 times 
17/11/14 14:18:14 INFO common.Storage: Image file /scratch/kirtib/12617904/namenode_data/current/fsimage of size 112 bytes saved in 0 seconds.
17/11/14 14:18:14 INFO namenode.FSEditLog: closing edit log: position=4, editlog=/scratch/kirtib/12617904/namenode_data/current/edits
17/11/14 14:18:14 INFO namenode.FSEditLog: close success: truncate to 4, editlog=/scratch/kirtib/12617904/namenode_data/current/edits
17/11/14 14:18:14 INFO common.Storage: Storage directory /scratch/kirtib/12617904/namenode_data has been successfully formatted.
17/11/14 14:18:14 INFO namenode.NameNode: SHUTDOWN_MSG: 
/************************************************************
SHUTDOWN_MSG: Shutting down NameNode at comet-16-08.sdsc.edu/198.202.119.12
************************************************************/
starting namenode, logging to /scratch/kirtib/12617904/logs/hadoop-kirtib-namenode-comet-16-08.out
comet-16-08.ibnet: starting datanode, logging to /scratch/kirtib/12617904/logs/hadoop-kirtib-datanode-comet-16-08.sdsc.edu.out
comet-16-14.ibnet: starting datanode, logging to /scratch/kirtib/12617904/logs/hadoop-kirtib-datanode-comet-16-14.sdsc.edu.out
comet-16-08.ibnet: starting secondarynamenode, logging to /scratch/kirtib/12617904/logs/hadoop-kirtib-secondarynamenode-comet-16-08.sdsc.edu.out
starting jobtracker, logging to /scratch/kirtib/12617904/logs/hadoop-kirtib-jobtracker-comet-16-08.out
comet-16-14.ibnet: starting tasktracker, logging to /scratch/kirtib/12617904/logs/hadoop-kirtib-tasktracker-comet-16-14.sdsc.edu.out
comet-16-08.ibnet: starting tasktracker, logging to /scratch/kirtib/12617904/logs/hadoop-kirtib-tasktracker-comet-16-08.sdsc.edu.out
Copy data to HDFS .. 
Run log analysis job ..
17/11/14 14:18:22 WARN mapred.JobClient: Use GenericOptionsParser for parsing the arguments. Applications should implement Tool for the same.
17/11/14 14:18:22 INFO input.FileInputFormat: Total input paths to process : 1
17/11/14 14:18:22 INFO util.NativeCodeLoader: Loaded the native-hadoop library
17/11/14 14:18:22 WARN snappy.LoadSnappy: Snappy native library not loaded
17/11/14 14:18:23 INFO mapred.JobClient: Running job: job_201711141418_0001
17/11/14 14:18:24 INFO mapred.JobClient:  map 0% reduce 0%
17/11/14 14:18:27 INFO mapred.JobClient:  map 100% reduce 0%
17/11/14 14:18:35 INFO mapred.JobClient:  map 100% reduce 100%
17/11/14 14:18:35 INFO mapred.JobClient: Job complete: job_201711141418_0001
17/11/14 14:18:35 INFO mapred.JobClient: Counters: 29
17/11/14 14:18:35 INFO mapred.JobClient:   Map-Reduce Framework
17/11/14 14:18:35 INFO mapred.JobClient:     Spilled Records=2000
17/11/14 14:18:35 INFO mapred.JobClient:     Map output materialized bytes=53442
17/11/14 14:18:35 INFO mapred.JobClient:     Reduce input records=1000
17/11/14 14:18:35 INFO mapred.JobClient:     Virtual memory (bytes) snapshot=4084617216
17/11/14 14:18:35 INFO mapred.JobClient:     Map input records=1000
17/11/14 14:18:35 INFO mapred.JobClient:     SPLIT_RAW_BYTES=115
17/11/14 14:18:35 INFO mapred.JobClient:     Map output bytes=51436
17/11/14 14:18:35 INFO mapred.JobClient:     Reduce shuffle bytes=53442
17/11/14 14:18:35 INFO mapred.JobClient:     Physical memory (bytes) snapshot=386166784
17/11/14 14:18:35 INFO mapred.JobClient:     Reduce input groups=49
17/11/14 14:18:35 INFO mapred.JobClient:     Combine output records=0
17/11/14 14:18:35 INFO mapred.JobClient:     Reduce output records=49
17/11/14 14:18:35 INFO mapred.JobClient:     Map output records=1000
17/11/14 14:18:35 INFO mapred.JobClient:     Combine input records=0
17/11/14 14:18:35 INFO mapred.JobClient:     CPU time spent (ms)=1660
17/11/14 14:18:35 INFO mapred.JobClient:     Total committed heap usage (bytes)=402653184
17/11/14 14:18:35 INFO mapred.JobClient:   File Input Format Counters 
17/11/14 14:18:35 INFO mapred.JobClient:     Bytes Read=342097
17/11/14 14:18:35 INFO mapred.JobClient:   FileSystemCounters
17/11/14 14:18:35 INFO mapred.JobClient:     HDFS_BYTES_READ=342212
17/11/14 14:18:35 INFO mapred.JobClient:     FILE_BYTES_WRITTEN=222001
17/11/14 14:18:35 INFO mapred.JobClient:     FILE_BYTES_READ=53442
17/11/14 14:18:35 INFO mapred.JobClient:     HDFS_BYTES_WRITTEN=2406
17/11/14 14:18:35 INFO mapred.JobClient:   Job Counters 
17/11/14 14:18:35 INFO mapred.JobClient:     Launched map tasks=1
17/11/14 14:18:35 INFO mapred.JobClient:     Launched reduce tasks=1
17/11/14 14:18:35 INFO mapred.JobClient:     SLOTS_MILLIS_REDUCES=7935
17/11/14 14:18:35 INFO mapred.JobClient:     Total time spent by all reduces waiting after reserving slots (ms)=0
17/11/14 14:18:35 INFO mapred.JobClient:     SLOTS_MILLIS_MAPS=2686
17/11/14 14:18:35 INFO mapred.JobClient:     Total time spent by all maps waiting after reserving slots (ms)=0
17/11/14 14:18:35 INFO mapred.JobClient:     Data-local map tasks=1
17/11/14 14:18:35 INFO mapred.JobClient:   File Output Format Counters 
17/11/14 14:18:35 INFO mapred.JobClient:     Bytes Written=2406

real	0m12.776s
user	0m1.663s
sys	0m0.146s
Check output files from HDFS.. but i remove the old output data first
stopping jobtracker
comet-16-14.ibnet: stopping tasktracker
comet-16-08.ibnet: stopping tasktracker
stopping namenode
comet-16-08.ibnet: stopping datanode
comet-16-14.ibnet: stopping datanode
comet-16-08.ibnet: stopping secondarynamenode
Copying Hadoop logs back to /home/kirtib/cometcluster/logs...
`/scratch/kirtib/12617904/logs' -> `/home/kirtib/cometcluster/logs'
`/scratch/kirtib/12617904/logs/hadoop-kirtib-secondarynamenode-comet-16-08.sdsc.edu.log' -> `/home/kirtib/cometcluster/logs/hadoop-kirtib-secondarynamenode-comet-16-08.sdsc.edu.log'
`/scratch/kirtib/12617904/logs/hadoop-kirtib-jobtracker-comet-16-08.out' -> `/home/kirtib/cometcluster/logs/hadoop-kirtib-jobtracker-comet-16-08.out'
`/scratch/kirtib/12617904/logs/hadoop-kirtib-tasktracker-comet-16-08.sdsc.edu.log' -> `/home/kirtib/cometcluster/logs/hadoop-kirtib-tasktracker-comet-16-08.sdsc.edu.log'
`/scratch/kirtib/12617904/logs/hadoop-kirtib-datanode-comet-16-08.sdsc.edu.out' -> `/home/kirtib/cometcluster/logs/hadoop-kirtib-datanode-comet-16-08.sdsc.edu.out'
`/scratch/kirtib/12617904/logs/hadoop-kirtib-namenode-comet-16-08.out' -> `/home/kirtib/cometcluster/logs/hadoop-kirtib-namenode-comet-16-08.out'
`/scratch/kirtib/12617904/logs/hadoop-kirtib-datanode-comet-16-08.sdsc.edu.log' -> `/home/kirtib/cometcluster/logs/hadoop-kirtib-datanode-comet-16-08.sdsc.edu.log'
`/scratch/kirtib/12617904/logs/hadoop-kirtib-namenode-comet-16-08.log' -> `/home/kirtib/cometcluster/logs/hadoop-kirtib-namenode-comet-16-08.log'
`/scratch/kirtib/12617904/logs/job_201711141418_0001_conf.xml' -> `/home/kirtib/cometcluster/logs/job_201711141418_0001_conf.xml'
`/scratch/kirtib/12617904/logs/history' -> `/home/kirtib/cometcluster/logs/history'
`/scratch/kirtib/12617904/logs/history/done' -> `/home/kirtib/cometcluster/logs/history/done'
`/scratch/kirtib/12617904/logs/history/done/version-1' -> `/home/kirtib/cometcluster/logs/history/done/version-1'
`/scratch/kirtib/12617904/logs/history/done/version-1/comet-16-08.ibnet_1510697899354_' -> `/home/kirtib/cometcluster/logs/history/done/version-1/comet-16-08.ibnet_1510697899354_'
`/scratch/kirtib/12617904/logs/history/done/version-1/comet-16-08.ibnet_1510697899354_/2017' -> `/home/kirtib/cometcluster/logs/history/done/version-1/comet-16-08.ibnet_1510697899354_/2017'
`/scratch/kirtib/12617904/logs/history/done/version-1/comet-16-08.ibnet_1510697899354_/2017/11' -> `/home/kirtib/cometcluster/logs/history/done/version-1/comet-16-08.ibnet_1510697899354_/2017/11'
`/scratch/kirtib/12617904/logs/history/done/version-1/comet-16-08.ibnet_1510697899354_/2017/11/14' -> `/home/kirtib/cometcluster/logs/history/done/version-1/comet-16-08.ibnet_1510697899354_/2017/11/14'
`/scratch/kirtib/12617904/logs/history/done/version-1/comet-16-08.ibnet_1510697899354_/2017/11/14/000000' -> `/home/kirtib/cometcluster/logs/history/done/version-1/comet-16-08.ibnet_1510697899354_/2017/11/14/000000'
`/scratch/kirtib/12617904/logs/history/done/version-1/comet-16-08.ibnet_1510697899354_/2017/11/14/000000/job_201711141418_0001_conf.xml' -> `/home/kirtib/cometcluster/logs/history/done/version-1/comet-16-08.ibnet_1510697899354_/2017/11/14/000000/job_201711141418_0001_conf.xml'
`/scratch/kirtib/12617904/logs/history/done/version-1/comet-16-08.ibnet_1510697899354_/2017/11/14/000000/.job_201711141418_0001_conf.xml.crc' -> `/home/kirtib/cometcluster/logs/history/done/version-1/comet-16-08.ibnet_1510697899354_/2017/11/14/000000/.job_201711141418_0001_conf.xml.crc'
`/scratch/kirtib/12617904/logs/history/done/version-1/comet-16-08.ibnet_1510697899354_/2017/11/14/000000/job_201711141418_0001_1510697902971_kirtib_analyze+log' -> `/home/kirtib/cometcluster/logs/history/done/version-1/comet-16-08.ibnet_1510697899354_/2017/11/14/000000/job_201711141418_0001_1510697902971_kirtib_analyze+log'
`/scratch/kirtib/12617904/logs/history/done/version-1/comet-16-08.ibnet_1510697899354_/2017/11/14/000000/.job_201711141418_0001_1510697902971_kirtib_analyze+log.crc' -> `/home/kirtib/cometcluster/logs/history/done/version-1/comet-16-08.ibnet_1510697899354_/2017/11/14/000000/.job_201711141418_0001_1510697902971_kirtib_analyze+log.crc'
`/scratch/kirtib/12617904/logs/hadoop-kirtib-secondarynamenode-comet-16-08.sdsc.edu.out' -> `/home/kirtib/cometcluster/logs/hadoop-kirtib-secondarynamenode-comet-16-08.sdsc.edu.out'
`/scratch/kirtib/12617904/logs/hadoop-kirtib-tasktracker-comet-16-08.sdsc.edu.out' -> `/home/kirtib/cometcluster/logs/hadoop-kirtib-tasktracker-comet-16-08.sdsc.edu.out'
`/scratch/kirtib/12617904/logs/hadoop-kirtib-jobtracker-comet-16-08.log' -> `/home/kirtib/cometcluster/logs/hadoop-kirtib-jobtracker-comet-16-08.log'
`/scratch/kirtib/12617904/logs/userlogs' -> `/home/kirtib/cometcluster/logs/userlogs'
removed directory: `/scratch/kirtib/12617904/mapred_scratch/tt_log_tmp'
removed directory: `/scratch/kirtib/12617904/mapred_scratch/ttprivate'
removed directory: `/scratch/kirtib/12617904/mapred_scratch/jobTracker'
removed directory: `/scratch/kirtib/12617904/mapred_scratch/taskTracker'
removed directory: `/scratch/kirtib/12617904/mapred_scratch/userlogs'
removed directory: `/scratch/kirtib/12617904/mapred_scratch'
removed directory: `/scratch/kirtib/12617904/tmp/dfs/namesecondary'
removed directory: `/scratch/kirtib/12617904/tmp/dfs'
removed directory: `/scratch/kirtib/12617904/tmp'
removed `/scratch/kirtib/12617904/namenode_data/previous.checkpoint/fstime'
removed `/scratch/kirtib/12617904/namenode_data/previous.checkpoint/fsimage'
removed `/scratch/kirtib/12617904/namenode_data/previous.checkpoint/edits'
removed `/scratch/kirtib/12617904/namenode_data/previous.checkpoint/VERSION'
removed directory: `/scratch/kirtib/12617904/namenode_data/previous.checkpoint'
removed `/scratch/kirtib/12617904/namenode_data/image/fsimage'
removed directory: `/scratch/kirtib/12617904/namenode_data/image'
removed `/scratch/kirtib/12617904/namenode_data/current/edits'
removed `/scratch/kirtib/12617904/namenode_data/current/VERSION'
removed `/scratch/kirtib/12617904/namenode_data/current/fstime'
removed `/scratch/kirtib/12617904/namenode_data/current/fsimage'
removed directory: `/scratch/kirtib/12617904/namenode_data/current'
removed directory: `/scratch/kirtib/12617904/namenode_data'
removed `/scratch/kirtib/12617904/hdfs_data/current/blk_7667682153595393758_1003.meta'
removed `/scratch/kirtib/12617904/hdfs_data/current/blk_9048098217162717411'
removed `/scratch/kirtib/12617904/hdfs_data/current/VERSION'
removed `/scratch/kirtib/12617904/hdfs_data/current/blk_-6811796225853184255_1013.meta'
removed `/scratch/kirtib/12617904/hdfs_data/current/blk_7762276126633572156_1004.meta'
removed `/scratch/kirtib/12617904/hdfs_data/current/blk_9048098217162717411_1014.meta'
removed `/scratch/kirtib/12617904/hdfs_data/current/blk_7667682153595393758'
removed `/scratch/kirtib/12617904/hdfs_data/current/blk_-6811796225853184255'
removed `/scratch/kirtib/12617904/hdfs_data/current/blk_-160284739837677635'
removed `/scratch/kirtib/12617904/hdfs_data/current/blk_7762276126633572156'
removed `/scratch/kirtib/12617904/hdfs_data/current/blk_-160284739837677635_1012.meta'
removed `/scratch/kirtib/12617904/hdfs_data/current/dncp_block_verification.log.curr'
removed directory: `/scratch/kirtib/12617904/hdfs_data/current'
removed directory: `/scratch/kirtib/12617904/hdfs_data/blocksBeingWritten'
removed directory: `/scratch/kirtib/12617904/hdfs_data/detach'
removed directory: `/scratch/kirtib/12617904/hdfs_data/tmp'
removed `/scratch/kirtib/12617904/hdfs_data/storage'
removed directory: `/scratch/kirtib/12617904/hdfs_data'
removed `/scratch/kirtib/12617904/pids/hadoop-kirtib-secondarynamenode.pid'
removed `/scratch/kirtib/12617904/pids/hadoop-kirtib-datanode.pid'
removed `/scratch/kirtib/12617904/pids/hadoop-kirtib-namenode.pid'
removed `/scratch/kirtib/12617904/pids/hadoop-kirtib-tasktracker.pid'
removed `/scratch/kirtib/12617904/pids/hadoop-kirtib-jobtracker.pid'
removed directory: `/scratch/kirtib/12617904/pids'
removed `/scratch/kirtib/12617904/logs/hadoop-kirtib-secondarynamenode-comet-16-08.sdsc.edu.log'
removed `/scratch/kirtib/12617904/logs/hadoop-kirtib-jobtracker-comet-16-08.out'
removed `/scratch/kirtib/12617904/logs/hadoop-kirtib-tasktracker-comet-16-08.sdsc.edu.log'
removed `/scratch/kirtib/12617904/logs/hadoop-kirtib-datanode-comet-16-08.sdsc.edu.out'
removed `/scratch/kirtib/12617904/logs/hadoop-kirtib-namenode-comet-16-08.out'
removed `/scratch/kirtib/12617904/logs/hadoop-kirtib-datanode-comet-16-08.sdsc.edu.log'
removed `/scratch/kirtib/12617904/logs/hadoop-kirtib-namenode-comet-16-08.log'
removed `/scratch/kirtib/12617904/logs/job_201711141418_0001_conf.xml'
removed `/scratch/kirtib/12617904/logs/history/done/version-1/comet-16-08.ibnet_1510697899354_/2017/11/14/000000/job_201711141418_0001_conf.xml'
removed `/scratch/kirtib/12617904/logs/history/done/version-1/comet-16-08.ibnet_1510697899354_/2017/11/14/000000/.job_201711141418_0001_conf.xml.crc'
removed `/scratch/kirtib/12617904/logs/history/done/version-1/comet-16-08.ibnet_1510697899354_/2017/11/14/000000/job_201711141418_0001_1510697902971_kirtib_analyze+log'
removed `/scratch/kirtib/12617904/logs/history/done/version-1/comet-16-08.ibnet_1510697899354_/2017/11/14/000000/.job_201711141418_0001_1510697902971_kirtib_analyze+log.crc'
removed directory: `/scratch/kirtib/12617904/logs/history/done/version-1/comet-16-08.ibnet_1510697899354_/2017/11/14/000000'
removed directory: `/scratch/kirtib/12617904/logs/history/done/version-1/comet-16-08.ibnet_1510697899354_/2017/11/14'
removed directory: `/scratch/kirtib/12617904/logs/history/done/version-1/comet-16-08.ibnet_1510697899354_/2017/11'
removed directory: `/scratch/kirtib/12617904/logs/history/done/version-1/comet-16-08.ibnet_1510697899354_/2017'
removed directory: `/scratch/kirtib/12617904/logs/history/done/version-1/comet-16-08.ibnet_1510697899354_'
removed directory: `/scratch/kirtib/12617904/logs/history/done/version-1'
removed directory: `/scratch/kirtib/12617904/logs/history/done'
removed directory: `/scratch/kirtib/12617904/logs/history'
removed `/scratch/kirtib/12617904/logs/hadoop-kirtib-secondarynamenode-comet-16-08.sdsc.edu.out'
removed `/scratch/kirtib/12617904/logs/hadoop-kirtib-tasktracker-comet-16-08.sdsc.edu.out'
removed `/scratch/kirtib/12617904/logs/hadoop-kirtib-jobtracker-comet-16-08.log'
removed directory: `/scratch/kirtib/12617904/logs/userlogs'
removed directory: `/scratch/kirtib/12617904/logs'
removed `/scratch/kirtib/12617904/mapred_scratch/userlogs/job_201711141418_0001/attempt_201711141418_0001_r_000000_0/stdout'
removed `/scratch/kirtib/12617904/mapred_scratch/userlogs/job_201711141418_0001/attempt_201711141418_0001_r_000000_0/syslog'
removed `/scratch/kirtib/12617904/mapred_scratch/userlogs/job_201711141418_0001/attempt_201711141418_0001_r_000000_0/log.index'
removed `/scratch/kirtib/12617904/mapred_scratch/userlogs/job_201711141418_0001/attempt_201711141418_0001_r_000000_0/stderr'
removed directory: `/scratch/kirtib/12617904/mapred_scratch/userlogs/job_201711141418_0001/attempt_201711141418_0001_r_000000_0'
removed `/scratch/kirtib/12617904/mapred_scratch/userlogs/job_201711141418_0001/attempt_201711141418_0001_m_000002_0/stdout'
removed `/scratch/kirtib/12617904/mapred_scratch/userlogs/job_201711141418_0001/attempt_201711141418_0001_m_000002_0/syslog'
removed `/scratch/kirtib/12617904/mapred_scratch/userlogs/job_201711141418_0001/attempt_201711141418_0001_m_000002_0/log.index'
removed `/scratch/kirtib/12617904/mapred_scratch/userlogs/job_201711141418_0001/attempt_201711141418_0001_m_000002_0/stderr'
removed directory: `/scratch/kirtib/12617904/mapred_scratch/userlogs/job_201711141418_0001/attempt_201711141418_0001_m_000002_0'
removed `/scratch/kirtib/12617904/mapred_scratch/userlogs/job_201711141418_0001/attempt_201711141418_0001_m_000000_0/syslog'
removed `/scratch/kirtib/12617904/mapred_scratch/userlogs/job_201711141418_0001/attempt_201711141418_0001_m_000000_0/stdout'
removed `/scratch/kirtib/12617904/mapred_scratch/userlogs/job_201711141418_0001/attempt_201711141418_0001_m_000000_0/log.index'
removed `/scratch/kirtib/12617904/mapred_scratch/userlogs/job_201711141418_0001/attempt_201711141418_0001_m_000000_0/stderr'
removed directory: `/scratch/kirtib/12617904/mapred_scratch/userlogs/job_201711141418_0001/attempt_201711141418_0001_m_000000_0'
removed `/scratch/kirtib/12617904/mapred_scratch/userlogs/job_201711141418_0001/attempt_201711141418_0001_m_000001_0/log.index'
removed `/scratch/kirtib/12617904/mapred_scratch/userlogs/job_201711141418_0001/attempt_201711141418_0001_m_000001_0/stderr'
removed `/scratch/kirtib/12617904/mapred_scratch/userlogs/job_201711141418_0001/attempt_201711141418_0001_m_000001_0/syslog'
removed `/scratch/kirtib/12617904/mapred_scratch/userlogs/job_201711141418_0001/attempt_201711141418_0001_m_000001_0/stdout'
removed directory: `/scratch/kirtib/12617904/mapred_scratch/userlogs/job_201711141418_0001/attempt_201711141418_0001_m_000001_0'
removed directory: `/scratch/kirtib/12617904/mapred_scratch/userlogs/job_201711141418_0001'
removed directory: `/scratch/kirtib/12617904/mapred_scratch/userlogs'
removed directory: `/scratch/kirtib/12617904/mapred_scratch/ttprivate/taskTracker/kirtib/jobcache'
removed directory: `/scratch/kirtib/12617904/mapred_scratch/ttprivate/taskTracker/kirtib'
removed directory: `/scratch/kirtib/12617904/mapred_scratch/ttprivate/taskTracker'
removed directory: `/scratch/kirtib/12617904/mapred_scratch/ttprivate'
removed directory: `/scratch/kirtib/12617904/mapred_scratch/taskTracker/kirtib/distcache'
removed directory: `/scratch/kirtib/12617904/mapred_scratch/taskTracker/kirtib/jobcache'
removed directory: `/scratch/kirtib/12617904/mapred_scratch/taskTracker/kirtib'
removed directory: `/scratch/kirtib/12617904/mapred_scratch/taskTracker'
removed directory: `/scratch/kirtib/12617904/mapred_scratch/tt_log_tmp'
removed directory: `/scratch/kirtib/12617904/mapred_scratch'
removed directory: `/scratch/kirtib/12617904/hdfs_data/tmp'
removed `/scratch/kirtib/12617904/hdfs_data/storage'
removed directory: `/scratch/kirtib/12617904/hdfs_data/blocksBeingWritten'
removed directory: `/scratch/kirtib/12617904/hdfs_data/detach'
removed `/scratch/kirtib/12617904/hdfs_data/current/blk_9048098217162717411_1014.meta'
removed `/scratch/kirtib/12617904/hdfs_data/current/blk_9048098217162717411'
removed `/scratch/kirtib/12617904/hdfs_data/current/blk_7667682153595393758'
removed `/scratch/kirtib/12617904/hdfs_data/current/blk_7667682153595393758_1003.meta'
removed `/scratch/kirtib/12617904/hdfs_data/current/blk_-160284739837677635'
removed `/scratch/kirtib/12617904/hdfs_data/current/blk_-6811796225853184255_1013.meta'
removed `/scratch/kirtib/12617904/hdfs_data/current/VERSION'
removed `/scratch/kirtib/12617904/hdfs_data/current/blk_7762276126633572156_1004.meta'
removed `/scratch/kirtib/12617904/hdfs_data/current/blk_-6811796225853184255'
removed `/scratch/kirtib/12617904/hdfs_data/current/blk_7762276126633572156'
removed `/scratch/kirtib/12617904/hdfs_data/current/dncp_block_verification.log.curr'
removed `/scratch/kirtib/12617904/hdfs_data/current/blk_-160284739837677635_1012.meta'
removed directory: `/scratch/kirtib/12617904/hdfs_data/current'
removed directory: `/scratch/kirtib/12617904/hdfs_data'
removed `/scratch/kirtib/12617904/pids/hadoop-kirtib-tasktracker.pid'
removed `/scratch/kirtib/12617904/pids/hadoop-kirtib-datanode.pid'
removed directory: `/scratch/kirtib/12617904/pids'
removed `/scratch/kirtib/12617904/logs/hadoop-kirtib-tasktracker-comet-16-14.sdsc.edu.out'
removed `/scratch/kirtib/12617904/logs/hadoop-kirtib-datanode-comet-16-14.sdsc.edu.log'
removed `/scratch/kirtib/12617904/logs/hadoop-kirtib-datanode-comet-16-14.sdsc.edu.out'
removed `/scratch/kirtib/12617904/logs/userlogs/job_201711141418_0001/job-acls.xml'
removed `/scratch/kirtib/12617904/logs/userlogs/job_201711141418_0001/attempt_201711141418_0001_r_000000_0'
removed `/scratch/kirtib/12617904/logs/userlogs/job_201711141418_0001/attempt_201711141418_0001_m_000002_0'
removed `/scratch/kirtib/12617904/logs/userlogs/job_201711141418_0001/attempt_201711141418_0001_m_000000_0'
removed `/scratch/kirtib/12617904/logs/userlogs/job_201711141418_0001/attempt_201711141418_0001_m_000001_0'
removed directory: `/scratch/kirtib/12617904/logs/userlogs/job_201711141418_0001'
removed directory: `/scratch/kirtib/12617904/logs/userlogs'
removed `/scratch/kirtib/12617904/logs/hadoop-kirtib-tasktracker-comet-16-14.sdsc.edu.log'
removed directory: `/scratch/kirtib/12617904/logs'
removed directory: `/tmp/Jetty_0_0_0_0_50030_job____yn7qmk/.active'
removed directory: `/tmp/Jetty_0_0_0_0_50030_job____yn7qmk/jsp'
removed directory: `/tmp/Jetty_0_0_0_0_50030_job____yn7qmk'
removed directory: `/tmp/Jetty_0_0_0_0_50060_task____.2vcltf/.active'
removed directory: `/tmp/Jetty_0_0_0_0_50060_task____.2vcltf/jsp'
removed directory: `/tmp/Jetty_0_0_0_0_50060_task____.2vcltf'
removed directory: `/tmp/Jetty_0_0_0_0_50090_secondary____y6aanv/.active'
removed directory: `/tmp/Jetty_0_0_0_0_50090_secondary____y6aanv/jsp'
removed directory: `/tmp/Jetty_0_0_0_0_50090_secondary____y6aanv'
removed directory: `/tmp/Jetty_0_0_0_0_50075_datanode____hwtdwq_8051522758487372803/.active'
removed directory: `/tmp/Jetty_0_0_0_0_50075_datanode____hwtdwq_8051522758487372803/jsp'
removed directory: `/tmp/Jetty_0_0_0_0_50075_datanode____hwtdwq_8051522758487372803'
removed directory: `/tmp/Jetty_0_0_0_0_50070_hdfs____w2cu08_1342482904256636564/.active'
removed directory: `/tmp/Jetty_0_0_0_0_50070_hdfs____w2cu08_1342482904256636564/jsp'
removed directory: `/tmp/Jetty_0_0_0_0_50070_hdfs____w2cu08_1342482904256636564'
